Building DAG of jobs...
Using shell: /usr/bin/bash
Provided cores: 1 (use --cores to define parallelism)
Rules claiming more threads will be scaled down.
Job stats:
job       count    min threads    max threads
------  -------  -------------  -------------
all           1              1              1
myrule        1              1              1
total         2              1              1

Select jobs to execute...

[Fri Dec 16 11:47:54 2022]
rule myrule:
    input: a
    output: b
    jobid: 1
    reason: Missing output files: b
    resources: tmpdir=/tmp

[Fri Dec 16 11:47:54 2022]
Finished job 1.
1 of 2 steps (50%) done
Select jobs to execute...

[Fri Dec 16 11:47:54 2022]
localrule all:
    input: b
    jobid: 0
    reason: Input files updated by another job: b
    resources: tmpdir=/tmp

[Fri Dec 16 11:47:54 2022]
Finished job 0.
2 of 2 steps (100%) done
Complete log: .snakemake/log/2022-12-16T114752.471553.snakemake.log
